-----------------------------------------------------------------------
	Start multi-lang developing session in 2ian08. fr33bh
-----------------------------------------------------------------------
403.php @ 7:21 - 2ian08
404.php @ 7:23 - 2ian08
500.php @ 7:25 - 2ian08
adduser.php @ 7:42 - 2ian08
agentban.php @ 8:08 - 2ian08
allagents.php @ 8:12 - 2ian08
amountbonus.php @ 8:20 - 2ian08
skipped announce.php
bannedemails.php @ 8:28 - 2ian08
bans.php @ 8:42 - 2ian08
bitbucketlog.php @ 8:52 - 2ian08
bitbucket-upload.php @ 9:35 - 2ian08
browse.php @ 9:47 - 2ian08
category.php @ 9:55 - 2ian08
changemail.php @ 10:08 - 2ian08
changeusername.php @ 10:16 - 2ian08
cheaters.php @ 10:43 - 2ian08
takepage.php @ 10:48 - 2ian08
create_page.php @ 10:52 - 2ian08
-----------------------------------------------------------------------
	End of multi-lang developing session in 2ian08. fr33bh
		Total files modified: 19
-----------------------------------------------------------------------
	Start multi-lang developing session in 3ian08. fr33bh
-----------------------------------------------------------------------
viewsnatches.php @ 5:24 - 3ian08
viewrequests.php @ 7:03 - 3ian08 (BIG ONE :( )
-----------------------------------------------------------------------
	End of multi-lang developing session in 3ian08. fr33bh
		Total files modified: 2
-----------------------------------------------------------------------
-----------------------------------------------------------------------
	Start multi-lang developing session in 4feb08. fr33bh
-----------------------------------------------------------------------
viewnfo.php @ 11:46 - 4feb08
users.php @ 12:00 - 4feb08
-----------------------------------------------------------------------
	End of multi-lang developing session in 4feb08. fr33bh
		Total files modified: 2
-----------------------------------------------------------------------
-----------------------------------------------------------------------
	Start multi-lang developing session in 8feb08. fr33bh
-----------------------------------------------------------------------
takelogin.php @ 13:14
delete.php @ 14:14
ajax.php @ 14:24
